Using pre-set license
Built from '2022.3/staging' branch; Version is '2022.3.45f1 (a13dfa44d684) revision 10567162'; Using compiler version '192829333'; Build Type 'Release'
OS: 'Windows 10  (10.0.19045) 64bit CoreSingleLanguage' Language: 'en' Physical Memory: 15790 MB
BatchMode: 1, IsHumanControllingUs: 0, StartBugReporterOnCrash: 0, Is64bit: 1, IsPro: 1

COMMAND LINE ARGUMENTS:
C:\Program Files\Unity\Hub\Editor\2022.3.45f1\Editor\Unity.exe
-adb2
-batchMode
-noUpm
-name
AssetImportWorker0
-projectPath
D:/Unity/Zig-Zag-Unity/ZigZagClone
-logFile
Logs/AssetImportWorker0.log
-srvPort
52093
Successfully changed project path to: D:/Unity/Zig-Zag-Unity/ZigZagClone
D:/Unity/Zig-Zag-Unity/ZigZagClone
[UnityMemory] Configuration Parameters - Can be set up in boot.config
    "memorysetup-bucket-allocator-granularity=16"
    "memorysetup-bucket-allocator-bucket-count=8"
    "memorysetup-bucket-allocator-block-size=33554432"
    "memorysetup-bucket-allocator-block-count=8"
    "memorysetup-main-allocator-block-size=16777216"
    "memorysetup-thread-allocator-block-size=16777216"
    "memorysetup-gfx-main-allocator-block-size=16777216"
    "memorysetup-gfx-thread-allocator-block-size=16777216"
    "memorysetup-cache-allocator-block-size=4194304"
    "memorysetup-typetree-allocator-block-size=2097152"
    "memorysetup-profiler-bucket-allocator-granularity=16"
    "memorysetup-profiler-bucket-allocator-bucket-count=8"
    "memorysetup-profiler-bucket-allocator-block-size=33554432"
    "memorysetup-profiler-bucket-allocator-block-count=8"
    "memorysetup-profiler-allocator-block-size=16777216"
    "memorysetup-profiler-editor-allocator-block-size=1048576"
    "memorysetup-temp-allocator-size-main=16777216"
    "memorysetup-job-temp-allocator-block-size=2097152"
    "memorysetup-job-temp-allocator-block-size-background=1048576"
    "memorysetup-job-temp-allocator-reduction-small-platforms=262144"
    "memorysetup-allocator-temp-initial-block-size-main=262144"
    "memorysetup-allocator-temp-initial-block-size-worker=262144"
    "memorysetup-temp-allocator-size-background-worker=32768"
    "memorysetup-temp-allocator-size-job-worker=262144"
    "memorysetup-temp-allocator-size-preload-manager=33554432"
    "memorysetup-temp-allocator-size-nav-mesh-worker=65536"
    "memorysetup-temp-allocator-size-audio-worker=65536"
    "memorysetup-temp-allocator-size-cloud-worker=32768"
    "memorysetup-temp-allocator-size-gi-baking-worker=262144"
    "memorysetup-temp-allocator-size-gfx=262144"
Player connection [15072]  Target information:

Player connection [15072]  * "[IP] 192.168.29.49 [Port] 0 [Flags] 2 [Guid] 3818619883 [EditorId] 3818619883 [Version] 1048832 [Id] WindowsEditor(7,Hartej-Laptop) [Debug] 1 [PackageName] WindowsEditor [ProjectName] Editor" 

Player connection [15072] Host joined multi-casting on [225.0.0.222:54997]...
Player connection [15072] Host joined alternative multi-casting on [225.0.0.222:34997]...
[PhysX] Initialized MultithreadedTaskDispatcher with 16 workers.
Refreshing native plugins compatible for Editor in 6.20 ms, found 3 plugins.
Preloading 0 native plugins for Editor in 0.00 ms.
Initialize engine version: 2022.3.45f1 (a13dfa44d684)
[Subsystems] Discovering subsystems at path C:/Program Files/Unity/Hub/Editor/2022.3.45f1/Editor/Data/Resources/UnitySubsystems
[Subsystems] Discovering subsystems at path D:/Unity/Zig-Zag-Unity/ZigZagClone/Assets
GfxDevice: creating device client; threaded=0; jobified=0
Direct3D:
    Version:  Direct3D 11.0 [level 11.1]
    Renderer: NVIDIA GeForce RTX 3050 Laptop GPU (ID=0x25a2)
    Vendor:   NVIDIA
    VRAM:     3964 MB
    Driver:   32.0.15.6081
Initialize mono
Mono path[0] = 'C:/Program Files/Unity/Hub/Editor/2022.3.45f1/Editor/Data/Managed'
Mono path[1] = 'C:/Program Files/Unity/Hub/Editor/2022.3.45f1/Editor/Data/MonoBleedingEdge/lib/mono/unityjit-win32'
Mono config path = 'C:/Program Files/Unity/Hub/Editor/2022.3.45f1/Editor/Data/MonoBleedingEdge/etc'
Using monoOptions --debugger-agent=transport=dt_socket,embedding=1,server=y,suspend=n,address=127.0.0.1:56124
Begin MonoManager ReloadAssembly
Registering precompiled unity dll's ...
Register platform support module: C:/Program Files/Unity/Hub/Editor/2022.3.45f1/Editor/Data/PlaybackEngines/WindowsStandaloneSupport/UnityEditor.WindowsStandalone.Extensions.dll
Registered in 0.010867 seconds.
- Loaded All Assemblies, in  0.399 seconds
Native extension for WindowsStandalone target not found
Mono: successfully reloaded assembly
- Finished resetting the current domain, in  0.288 seconds
Domain Reload Profiling: 685ms
	BeginReloadAssembly (123ms)
		ExecutionOrderSort (0ms)
		DisableScriptedObjects (0ms)
		BackupInstance (0ms)
		ReleaseScriptingObjects (0ms)
		CreateAndSetChildDomain (1ms)
	RebuildCommonClasses (42ms)
	RebuildNativeTypeToScriptingClass (11ms)
	initialDomainReloadingComplete (79ms)
	LoadAllAssembliesAndSetupDomain (142ms)
		LoadAssemblies (120ms)
		RebuildTransferFunctionScriptingTraits (0ms)
		AnalyzeDomain (139ms)
			TypeCache.Refresh (138ms)
				TypeCache.ScanAssembly (124ms)
			ScanForSourceGeneratedMonoScriptInfo (0ms)
			ResolveRequiredComponents (1ms)
	FinalizeReload (289ms)
		ReleaseScriptCaches (0ms)
		RebuildScriptCaches (0ms)
		SetupLoadedEditorAssemblies (238ms)
			LogAssemblyErrors (0ms)
			InitializePlatformSupportModulesInManaged (13ms)
			SetLoadedEditorAssemblies (9ms)
			RefreshPlugins (0ms)
			BeforeProcessingInitializeOnLoad (2ms)
			ProcessInitializeOnLoadAttributes (158ms)
			ProcessInitializeOnLoadMethodAttributes (55ms)
			AfterProcessingInitializeOnLoad (0ms)
			EditorAssembliesLoaded (0ms)
		ExecutionOrderSort2 (0ms)
		AwakeInstancesAfterBackupRestoration (0ms)
========================================================================
Worker process is ready to serve import requests
Caller must complete domain reload
Begin MonoManager ReloadAssembly
- Loaded All Assemblies, in  0.630 seconds
Native extension for WindowsStandalone target not found
Package Manager log level set to [2]
[Package Manager] Server::EnsureServerProcessIsRunning -- launch failed, reason: Unity was launched with the -noUpm command-line argument
[Package Manager] UpmClient::Send -- Unable to send message (not connected to UPM process).
[Package Manager] Cannot connect to Unity Package Manager local server
Mono: successfully reloaded assembly
- Finished resetting the current domain, in  0.581 seconds
Domain Reload Profiling: 1210ms
	BeginReloadAssembly (181ms)
		ExecutionOrderSort (0ms)
		DisableScriptedObjects (6ms)
		BackupInstance (0ms)
		ReleaseScriptingObjects (0ms)
		CreateAndSetChildDomain (25ms)
	RebuildCommonClasses (36ms)
	RebuildNativeTypeToScriptingClass (11ms)
	initialDomainReloadingComplete (46ms)
	LoadAllAssembliesAndSetupDomain (354ms)
		LoadAssemblies (313ms)
		RebuildTransferFunctionScriptingTraits (0ms)
		AnalyzeDomain (140ms)
			TypeCache.Refresh (120ms)
				TypeCache.ScanAssembly (101ms)
			ScanForSourceGeneratedMonoScriptInfo (15ms)
			ResolveRequiredComponents (5ms)
	FinalizeReload (582ms)
		ReleaseScriptCaches (0ms)
		RebuildScriptCaches (0ms)
		SetupLoadedEditorAssemblies (439ms)
			LogAssemblyErrors (0ms)
			InitializePlatformSupportModulesInManaged (10ms)
			SetLoadedEditorAssemblies (3ms)
			RefreshPlugins (0ms)
			BeforeProcessingInitializeOnLoad (60ms)
			ProcessInitializeOnLoadAttributes (328ms)
			ProcessInitializeOnLoadMethodAttributes (26ms)
			AfterProcessingInitializeOnLoad (11ms)
			EditorAssembliesLoaded (0ms)
		ExecutionOrderSort2 (0ms)
		AwakeInstancesAfterBackupRestoration (8ms)
Launched and connected shader compiler UnityShaderCompiler.exe after 0.06 seconds
Refreshing native plugins compatible for Editor in 4.17 ms, found 3 plugins.
Preloading 0 native plugins for Editor in 0.00 ms.
Unloading 3001 Unused Serialized files (Serialized files now loaded: 0)
Unloading 18 unused Assets / (32.8 MB). Loaded Objects now: 3473.
Memory consumption went from 115.3 MB to 82.5 MB.
Total: 7.147700 ms (FindLiveObjects: 0.330100 ms CreateObjectMapping: 0.075100 ms MarkObjects: 6.623000 ms  DeleteObjects: 0.117000 ms)

AssetImportParameters requested are different than current active one (requested -> active):
  custom:container-demuxer-ogg: 62fdf1f143b41e24485cea50d1cbac27 -> 
  custom:video-decoder-ogg-theora: a1e56fd34408186e4bbccfd4996cb3dc -> 
  custom:framework-win-MediaFoundation: 216162199b28c13a410421893ffa2e32 -> 
  custom:CustomObjectIndexerAttribute: 9a22284fe3817be447336de3de66b15e -> 
  custom:container-demuxer-webm: 4f35f7cbe854078d1ac9338744f61a02 -> 
  custom:container-muxer-webm: aa71ff27fc2769a1b78a27578f13a17b -> 
  custom:video-decoder-webm-vp8: 9c59270c3fd7afecdb556c50c9e8de78 -> 
  custom:SearchIndexIgnoredProperties: e643bd26f0fe6173181afceb89e7c659 -> 
  custom:AudioImporter_EditorPlatform: d09bf68614088b80899f8185d706f6e7 -> 
  custom:video-encoder-webm-vp8: eb34c28f22e8b96e1ab97ce403110664 -> 
  custom:audio-decoder-ogg-vorbis: bf7c407c2cedff20999df2af8eb42d56 -> 
  custom:audio-encoder-webm-vorbis: bf7c407c2cedff20999df2af8eb42d56 -> 
========================================================================
Received Import Request.
  Time since last request: 7418.639623 seconds.
  path: Assets/Character/Character.prefab
  artifactKey: Guid(b5776b17ac0174994ad54506163c178f) Importer(815301076,1909f56bfc062723c751e8b465ee728b)
Start importing Assets/Character/Character.prefab using Guid(b5776b17ac0174994ad54506163c178f) Importer(815301076,1909f56bfc062723c751e8b465ee728b) [PhysX] Initialized MultithreadedTaskDispatcher with 16 workers.
[PhysX] Initialized MultithreadedTaskDispatcher with 16 workers.
 -> (artifact id: '2151169ac6cb9faf231b2203aed27929') in 0.293141 seconds
Number of updated asset objects reloaded before import = 0
Number of asset objects unloaded after import = 93
========================================================================
Received Import Request.
  Time since last request: 10.607978 seconds.
  path: Assets/Main.unity
  artifactKey: Guid(1911df0d8f73c4308b10bfcebdc919ec) Importer(2089858483,0ecaa5967403d082aa24f35e1b516d23)
Start importing Assets/Main.unity using Guid(1911df0d8f73c4308b10bfcebdc919ec) Importer(2089858483,0ecaa5967403d082aa24f35e1b516d23) [PhysX] Initialized MultithreadedTaskDispatcher with 16 workers.
 -> (artifact id: '797dca58b99d803f5facdd8269eaf3ca') in 0.076641 seconds
Number of updated asset objects reloaded before import = 0
Number of asset objects unloaded after import = 1
========================================================================
Received Import Request.
  Time since last request: 0.000021 seconds.
  path: Assets/3rd Party/Stylized Crystal/Prefab/crystal_17_2.prefab
  artifactKey: Guid(465c505844950da499dcf096a6da4409) Importer(2089858483,0ecaa5967403d082aa24f35e1b516d23)
Start importing Assets/3rd Party/Stylized Crystal/Prefab/crystal_17_2.prefab using Guid(465c505844950da499dcf096a6da4409) Importer(2089858483,0ecaa5967403d082aa24f35e1b516d23) [PhysX] Initialized MultithreadedTaskDispatcher with 16 workers.
 -> (artifact id: '542e2260b98d89b138e0116ddbb1878b') in 0.084541 seconds
Number of updated asset objects reloaded before import = 0
Number of asset objects unloaded after import = 9
========================================================================
Received Import Request.
  Time since last request: 0.000027 seconds.
  path: Assets/3rd Party/Stylized Crystal/Mesh/Materials/crystal_17_2.mat
  artifactKey: Guid(a0f91f34ae2cd6f4d80819a53b2c9b03) Importer(2089858483,0ecaa5967403d082aa24f35e1b516d23)
Start importing Assets/3rd Party/Stylized Crystal/Mesh/Materials/crystal_17_2.mat using Guid(a0f91f34ae2cd6f4d80819a53b2c9b03) Importer(2089858483,0ecaa5967403d082aa24f35e1b516d23) [PhysX] Initialized MultithreadedTaskDispatcher with 16 workers.
 -> (artifact id: '9d9e055b5e49018619e46347fa2a294a') in 0.030252 seconds
Number of updated asset objects reloaded before import = 0
Number of asset objects unloaded after import = 2
========================================================================
Received Import Request.
  Time since last request: 0.000040 seconds.
  path: Assets/3rd Party/Stylized Crystal/Texture/crystal_17_2.png
  artifactKey: Guid(6f719c3bb48788e439c27891aa28f61f) Importer(2089858483,0ecaa5967403d082aa24f35e1b516d23)
Start importing Assets/3rd Party/Stylized Crystal/Texture/crystal_17_2.png using Guid(6f719c3bb48788e439c27891aa28f61f) Importer(2089858483,0ecaa5967403d082aa24f35e1b516d23) [PhysX] Initialized MultithreadedTaskDispatcher with 16 workers.
 -> (artifact id: '5e1151c1dfcc7f1443c9b91a308dafdc') in 0.060579 seconds
Number of updated asset objects reloaded before import = 0
Number of asset objects unloaded after import = 1
========================================================================
Received Import Request.
  Time since last request: 0.000020 seconds.
  path: Assets/Prefabs/Crystal.prefab
  artifactKey: Guid(6f0b782800c034b0eaf5be28d5e71dc4) Importer(2089858483,0ecaa5967403d082aa24f35e1b516d23)
Start importing Assets/Prefabs/Crystal.prefab using Guid(6f0b782800c034b0eaf5be28d5e71dc4) Importer(2089858483,0ecaa5967403d082aa24f35e1b516d23) [PhysX] Initialized MultithreadedTaskDispatcher with 16 workers.
 -> (artifact id: '4d26a5edc681d343b0123dffb5fa3220') in 0.024743 seconds
Number of updated asset objects reloaded before import = 0
Number of asset objects unloaded after import = 8
========================================================================
Received Import Request.
  Time since last request: 0.000022 seconds.
  path: Assets/3rd Party/Supercyan Character Pack Free Sample/Scenes/DemoScene/ReflectionProbe-0.exr
  artifactKey: Guid(1d5fefca36bbfcd44a607476f0e8d1b4) Importer(2089858483,0ecaa5967403d082aa24f35e1b516d23)
Start importing Assets/3rd Party/Supercyan Character Pack Free Sample/Scenes/DemoScene/ReflectionProbe-0.exr using Guid(1d5fefca36bbfcd44a607476f0e8d1b4) Importer(2089858483,0ecaa5967403d082aa24f35e1b516d23) [PhysX] Initialized MultithreadedTaskDispatcher with 16 workers.
 -> (artifact id: 'f78de2030b38ba564e5a501942c154d0') in 0.020153 seconds
Number of updated asset objects reloaded before import = 0
Number of asset objects unloaded after import = 1
========================================================================
Received Import Request.
  Time since last request: 0.000018 seconds.
  path: Assets/3rd Party/Supercyan Character Pack Free Sample/Animations/common_people@mpose.FBX
  artifactKey: Guid(45d480461bbdc704587e117329ce8e69) Importer(2089858483,0ecaa5967403d082aa24f35e1b516d23)
Start importing Assets/3rd Party/Supercyan Character Pack Free Sample/Animations/common_people@mpose.FBX using Guid(45d480461bbdc704587e117329ce8e69) Importer(2089858483,0ecaa5967403d082aa24f35e1b516d23) [PhysX] Initialized MultithreadedTaskDispatcher with 16 workers.
 -> (artifact id: '8a999b79c25de7cfbdf2607be24aac7b') in 0.042522 seconds
Number of updated asset objects reloaded before import = 0
Number of asset objects unloaded after import = 66
========================================================================
Received Import Request.
  Time since last request: 0.000020 seconds.
  path: Assets/3rd Party/Supercyan Character Pack Free Sample/Models/free_male_1.FBX
  artifactKey: Guid(461413943bab6ef40aa2a33f18380180) Importer(2089858483,0ecaa5967403d082aa24f35e1b516d23)
Start importing Assets/3rd Party/Supercyan Character Pack Free Sample/Models/free_male_1.FBX using Guid(461413943bab6ef40aa2a33f18380180) Importer(2089858483,0ecaa5967403d082aa24f35e1b516d23) [PhysX] Initialized MultithreadedTaskDispatcher with 16 workers.
 -> (artifact id: 'e1e9a301526f72514049be96972aa336') in 0.021759 seconds
Number of updated asset objects reloaded before import = 0
Number of asset objects unloaded after import = 85
========================================================================
Received Import Request.
  Time since last request: 0.000042 seconds.
  path: Assets/3rd Party/Supercyan Character Pack Free Sample/Scripts/CameraLogic.cs
  artifactKey: Guid(2ef0233d4c08b0c4d909da12ddc60082) Importer(2089858483,0ecaa5967403d082aa24f35e1b516d23)
Start importing Assets/3rd Party/Supercyan Character Pack Free Sample/Scripts/CameraLogic.cs using Guid(2ef0233d4c08b0c4d909da12ddc60082) Importer(2089858483,0ecaa5967403d082aa24f35e1b516d23) [PhysX] Initialized MultithreadedTaskDispatcher with 16 workers.
 -> (artifact id: '0356456a262eb9e6167ac9563fa9f42d') in 0.012492 seconds
Number of updated asset objects reloaded before import = 0
Number of asset objects unloaded after import = 1
========================================================================
Received Import Request.
  Time since last request: 0.000018 seconds.
  path: Assets/3rd Party/Supercyan Character Pack Free Sample/Materials/High Quality/free_male_1_body.mat
  artifactKey: Guid(8d74c62051dcbe24eb59170e3cceb73e) Importer(2089858483,0ecaa5967403d082aa24f35e1b516d23)
Start importing Assets/3rd Party/Supercyan Character Pack Free Sample/Materials/High Quality/free_male_1_body.mat using Guid(8d74c62051dcbe24eb59170e3cceb73e) Importer(2089858483,0ecaa5967403d082aa24f35e1b516d23) [PhysX] Initialized MultithreadedTaskDispatcher with 16 workers.
 -> (artifact id: 'f5ab23ed010f8493d66b6eb9059e1ee4') in 0.020133 seconds
Number of updated asset objects reloaded before import = 0
Number of asset objects unloaded after import = 2
========================================================================
Received Import Request.
  Time since last request: 0.000021 seconds.
  path: Assets/3rd Party/Supercyan Character Pack Free Sample/Animations/common_people@pickup.FBX
  artifactKey: Guid(b3662f281ce0fd5449670a910110afc4) Importer(2089858483,0ecaa5967403d082aa24f35e1b516d23)
Start importing Assets/3rd Party/Supercyan Character Pack Free Sample/Animations/common_people@pickup.FBX using Guid(b3662f281ce0fd5449670a910110afc4) Importer(2089858483,0ecaa5967403d082aa24f35e1b516d23) [PhysX] Initialized MultithreadedTaskDispatcher with 16 workers.
 -> (artifact id: '3d1b01b0ce5d2e5bd155acdd8300958d') in 0.033580 seconds
Number of updated asset objects reloaded before import = 0
Number of asset objects unloaded after import = 66
========================================================================
Received Import Request.
  Time since last request: 0.000033 seconds.
  path: Assets/3rd Party/Supercyan Character Pack Free Sample/Animations/common_people@jump-up.FBX
  artifactKey: Guid(441579d7f72cae545a24352282ac90e0) Importer(2089858483,0ecaa5967403d082aa24f35e1b516d23)
Start importing Assets/3rd Party/Supercyan Character Pack Free Sample/Animations/common_people@jump-up.FBX using Guid(441579d7f72cae545a24352282ac90e0) Importer(2089858483,0ecaa5967403d082aa24f35e1b516d23) [PhysX] Initialized MultithreadedTaskDispatcher with 16 workers.
 -> (artifact id: '266c6c002b7fbad879efebf219257440') in 0.030532 seconds
Number of updated asset objects reloaded before import = 0
Number of asset objects unloaded after import = 66
========================================================================
Received Import Request.
  Time since last request: 0.000031 seconds.
  path: Assets/3rd Party/Supercyan Character Pack Free Sample/Readme.pdf
  artifactKey: Guid(57ad2e05659cee44db57c67c2c813b64) Importer(2089858483,0ecaa5967403d082aa24f35e1b516d23)
Start importing Assets/3rd Party/Supercyan Character Pack Free Sample/Readme.pdf using Guid(57ad2e05659cee44db57c67c2c813b64) Importer(2089858483,0ecaa5967403d082aa24f35e1b516d23) [PhysX] Initialized MultithreadedTaskDispatcher with 16 workers.
 -> (artifact id: '98b408bdef85ce70d43f2c8f9577d35e') in 0.012909 seconds
Number of updated asset objects reloaded before import = 0
Number of asset objects unloaded after import = 1
========================================================================
Received Import Request.
  Time since last request: 0.000027 seconds.
  path: Assets/3rd Party/Supercyan Character Pack Free Sample/AnimatorControllers/SimpleAnimations.controller
  artifactKey: Guid(f297797635a2b7445ad2ea55cec7353b) Importer(2089858483,0ecaa5967403d082aa24f35e1b516d23)
Start importing Assets/3rd Party/Supercyan Character Pack Free Sample/AnimatorControllers/SimpleAnimations.controller using Guid(f297797635a2b7445ad2ea55cec7353b) Importer(2089858483,0ecaa5967403d082aa24f35e1b516d23) [PhysX] Initialized MultithreadedTaskDispatcher with 16 workers.
 -> (artifact id: '286c51c1b399de6cd6ba325d3b9d7883') in 0.024899 seconds
Number of updated asset objects reloaded before import = 0
Number of asset objects unloaded after import = 31
========================================================================
Received Import Request.
  Time since last request: 0.000037 seconds.
  path: Assets/Scripts/CharController.cs
  artifactKey: Guid(eebc542d145914019b0900a0345db37b) Importer(2089858483,0ecaa5967403d082aa24f35e1b516d23)
Start importing Assets/Scripts/CharController.cs using Guid(eebc542d145914019b0900a0345db37b) Importer(2089858483,0ecaa5967403d082aa24f35e1b516d23) [PhysX] Initialized MultithreadedTaskDispatcher with 16 workers.
 -> (artifact id: '0b39ab799e21ae51f7733fddd8596a25') in 0.013791 seconds
Number of updated asset objects reloaded before import = 0
Number of asset objects unloaded after import = 1
========================================================================
Received Import Request.
  Time since last request: 0.000027 seconds.
  path: Assets/3rd Party/Supercyan Character Pack Free Sample/Scenes/DemoScene/LightingData.asset
  artifactKey: Guid(b7ec6548fe1dce04587a014220744fda) Importer(2089858483,0ecaa5967403d082aa24f35e1b516d23)
Start importing Assets/3rd Party/Supercyan Character Pack Free Sample/Scenes/DemoScene/LightingData.asset using Guid(b7ec6548fe1dce04587a014220744fda) Importer(2089858483,0ecaa5967403d082aa24f35e1b516d23) [PhysX] Initialized MultithreadedTaskDispatcher with 16 workers.
Lighting data asset ‘LightingData’ is incompatible with the current Unity version. Please use Generate Lighting to rebuild the lighting data. Realtime Global Illumination cannot be used until the lighting data is rebuilt.
UnityEngine.StackTraceUtility:ExtractStackTrace ()
UnityEditor.Search.AssetIndexer:IndexProperties (int&,string&,bool&)
UnityEditor.Search.AssetIndexer:IndexDocument (string,bool)
UnityEditor.Search.SearchIndexEntryImporter:OnImportAsset (UnityEditor.AssetImporters.AssetImportContext)
UnityEditor.AssetImporters.ScriptedImporter:GenerateAssetData (UnityEditor.AssetImporters.AssetImportContext)

[C:\build\output\unity\unity\Editor\Src\GI\Enlighten\LightingDataAsset.cpp line 417]

Lighting data asset ‘LightingData’ is incompatible with the current Unity version because the scene it was baked for was not serialized. Please use Generate Lighting to rebuild the lighting data, or assign the target scene to the Lighting Data Asset in the inspector.
UnityEngine.StackTraceUtility:ExtractStackTrace ()
UnityEditor.Search.AssetIndexer:IndexProperties (int&,string&,bool&)
UnityEditor.Search.AssetIndexer:IndexDocument (string,bool)
UnityEditor.Search.SearchIndexEntryImporter:OnImportAsset (UnityEditor.AssetImporters.AssetImportContext)
UnityEditor.AssetImporters.ScriptedImporter:GenerateAssetData (UnityEditor.AssetImporters.AssetImportContext)

[C:\build\output\unity\unity\Editor\Src\GI\Enlighten\LightingDataAsset.cpp line 424]

 -> (artifact id: 'ea18b1795eeefbd02ad93c1caf9c5292') in 0.017716 seconds
Number of updated asset objects reloaded before import = 0
Number of asset objects unloaded after import = 1
========================================================================
Received Import Request.
  Time since last request: 0.000021 seconds.
  path: Assets/Scripts/Road.cs
  artifactKey: Guid(4556eae1ee04a4a86a6f8d82cf244fb0) Importer(2089858483,0ecaa5967403d082aa24f35e1b516d23)
Start importing Assets/Scripts/Road.cs using Guid(4556eae1ee04a4a86a6f8d82cf244fb0) Importer(2089858483,0ecaa5967403d082aa24f35e1b516d23) [PhysX] Initialized MultithreadedTaskDispatcher with 16 workers.
 -> (artifact id: '81fe2defae95277a63f2c672fd6c9fb5') in 0.014304 seconds
Number of updated asset objects reloaded before import = 0
Number of asset objects unloaded after import = 1
========================================================================
Received Import Request.
  Time since last request: 0.000020 seconds.
  path: Assets/3rd Party/Hand Painted Stone Texture/Material/Stone_floor.mat
  artifactKey: Guid(5f73475cf0cad364b9800b85c2a229fc) Importer(2089858483,0ecaa5967403d082aa24f35e1b516d23)
Start importing Assets/3rd Party/Hand Painted Stone Texture/Material/Stone_floor.mat using Guid(5f73475cf0cad364b9800b85c2a229fc) Importer(2089858483,0ecaa5967403d082aa24f35e1b516d23) [PhysX] Initialized MultithreadedTaskDispatcher with 16 workers.
 -> (artifact id: '7f7534105b70b3561847b2689c3c0365') in 0.024140 seconds
Number of updated asset objects reloaded before import = 0
Number of asset objects unloaded after import = 3
========================================================================
Received Import Request.
  Time since last request: 0.000022 seconds.
  path: Assets/3rd Party/Supercyan Character Pack Free Sample/Animations/common_people@idle.FBX
  artifactKey: Guid(10cbb0afa2a98564a983cdaf3c1b7551) Importer(2089858483,0ecaa5967403d082aa24f35e1b516d23)
Start importing Assets/3rd Party/Supercyan Character Pack Free Sample/Animations/common_people@idle.FBX using Guid(10cbb0afa2a98564a983cdaf3c1b7551) Importer(2089858483,0ecaa5967403d082aa24f35e1b516d23) [PhysX] Initialized MultithreadedTaskDispatcher with 16 workers.
 -> (artifact id: 'b5deb9e67b4ead6b4bb81f67ef35f2d6') in 0.024453 seconds
Number of updated asset objects reloaded before import = 0
Number of asset objects unloaded after import = 66
========================================================================
Received Import Request.
  Time since last request: 0.000063 seconds.
  path: Assets/3rd Party/Supercyan Character Pack Free Sample/Scripts/SimpleCharacterControl.cs
  artifactKey: Guid(32ca30c36b506c64aafa127f12f968fa) Importer(2089858483,0ecaa5967403d082aa24f35e1b516d23)
Start importing Assets/3rd Party/Supercyan Character Pack Free Sample/Scripts/SimpleCharacterControl.cs using Guid(32ca30c36b506c64aafa127f12f968fa) Importer(2089858483,0ecaa5967403d082aa24f35e1b516d23) [PhysX] Initialized MultithreadedTaskDispatcher with 16 workers.
 -> (artifact id: '938c844386093e638c870578acaabaae') in 0.017443 seconds
Number of updated asset objects reloaded before import = 0
Number of asset objects unloaded after import = 1
========================================================================
Received Import Request.
  Time since last request: 0.000047 seconds.
  path: Assets/3rd Party/Supercyan Character Pack Free Sample/Animations/common_people@backwards-run.FBX
  artifactKey: Guid(478fe807cc09b09448250cacc1ab8eb8) Importer(2089858483,0ecaa5967403d082aa24f35e1b516d23)
Start importing Assets/3rd Party/Supercyan Character Pack Free Sample/Animations/common_people@backwards-run.FBX using Guid(478fe807cc09b09448250cacc1ab8eb8) Importer(2089858483,0ecaa5967403d082aa24f35e1b516d23) [PhysX] Initialized MultithreadedTaskDispatcher with 16 workers.
 -> (artifact id: 'eb1aebcae2a52d8f662cf06c87cbdf73') in 0.033040 seconds
Number of updated asset objects reloaded before import = 0
Number of asset objects unloaded after import = 66
========================================================================
Received Import Request.
  Time since last request: 0.000024 seconds.
  path: Assets/3rd Party/Supercyan Character Pack Free Sample/Animations/common_people@walk.FBX
  artifactKey: Guid(77d7842e2139f594bb31c3c63d1ad4b4) Importer(2089858483,0ecaa5967403d082aa24f35e1b516d23)
Start importing Assets/3rd Party/Supercyan Character Pack Free Sample/Animations/common_people@walk.FBX using Guid(77d7842e2139f594bb31c3c63d1ad4b4) Importer(2089858483,0ecaa5967403d082aa24f35e1b516d23) [PhysX] Initialized MultithreadedTaskDispatcher with 16 workers.
 -> (artifact id: 'cbfa66889f05dca7d17e6ba635deb903') in 0.024743 seconds
Number of updated asset objects reloaded before import = 0
Number of asset objects unloaded after import = 66
========================================================================
Received Import Request.
  Time since last request: 0.000056 seconds.
  path: Assets/Scripts/GameManager.cs
  artifactKey: Guid(1a0fe1e91bd62461bbef509c306f78ab) Importer(2089858483,0ecaa5967403d082aa24f35e1b516d23)
Start importing Assets/Scripts/GameManager.cs using Guid(1a0fe1e91bd62461bbef509c306f78ab) Importer(2089858483,0ecaa5967403d082aa24f35e1b516d23) [PhysX] Initialized MultithreadedTaskDispatcher with 16 workers.
 -> (artifact id: 'a46fb5eea974766eb7d0f78bdc77f472') in 0.013130 seconds
Number of updated asset objects reloaded before import = 0
Number of asset objects unloaded after import = 1
========================================================================
Received Import Request.
  Time since last request: 0.000043 seconds.
  path: Assets/3rd Party/Supercyan Character Pack Free Sample/Animations/common_people@wave.FBX
  artifactKey: Guid(09f13c3460d45ed43862ef43c7ddedb1) Importer(2089858483,0ecaa5967403d082aa24f35e1b516d23)
Start importing Assets/3rd Party/Supercyan Character Pack Free Sample/Animations/common_people@wave.FBX using Guid(09f13c3460d45ed43862ef43c7ddedb1) Importer(2089858483,0ecaa5967403d082aa24f35e1b516d23) [PhysX] Initialized MultithreadedTaskDispatcher with 16 workers.
 -> (artifact id: '59c677d7b77fee6d2729ae91a5f9cab3') in 0.030009 seconds
Number of updated asset objects reloaded before import = 0
Number of asset objects unloaded after import = 66
========================================================================
Received Import Request.
  Time since last request: 0.000025 seconds.
  path: Assets/3rd Party/Supercyan Character Pack Free Sample/Animations/common_people@run.FBX
  artifactKey: Guid(587fb8efeff01634aa9ce8a5af77911a) Importer(2089858483,0ecaa5967403d082aa24f35e1b516d23)
Start importing Assets/3rd Party/Supercyan Character Pack Free Sample/Animations/common_people@run.FBX using Guid(587fb8efeff01634aa9ce8a5af77911a) Importer(2089858483,0ecaa5967403d082aa24f35e1b516d23) [PhysX] Initialized MultithreadedTaskDispatcher with 16 workers.
 -> (artifact id: '8ef1b704a867f149f0b744e99aa0501c') in 0.025981 seconds
Number of updated asset objects reloaded before import = 0
Number of asset objects unloaded after import = 66
========================================================================
Received Import Request.
  Time since last request: 0.000026 seconds.
  path: Assets/3rd Party/Supercyan Character Pack Free Sample/Prefabs/Simple Movement/High Quality/MaleFreeSimpleMovement1.prefab
  artifactKey: Guid(0e74cf81e6fd82546b4797f71ceffb81) Importer(2089858483,0ecaa5967403d082aa24f35e1b516d23)
Start importing Assets/3rd Party/Supercyan Character Pack Free Sample/Prefabs/Simple Movement/High Quality/MaleFreeSimpleMovement1.prefab using Guid(0e74cf81e6fd82546b4797f71ceffb81) Importer(2089858483,0ecaa5967403d082aa24f35e1b516d23) [PhysX] Initialized MultithreadedTaskDispatcher with 16 workers.
 -> (artifact id: '00a8f65252e64fb1f7dc2ab15084a0a7') in 0.059527 seconds
Number of updated asset objects reloaded before import = 0
Number of asset objects unloaded after import = 120
========================================================================
Received Import Request.
  Time since last request: 0.000029 seconds.
  path: Assets/3rd Party/Supercyan Character Pack Free Sample/Prefabs/Simple Movement/Mobile/MobileMaleFreeSimpleMovement1.prefab
  artifactKey: Guid(16e7451e81164bc4caac73768f16ceb6) Importer(2089858483,0ecaa5967403d082aa24f35e1b516d23)
Start importing Assets/3rd Party/Supercyan Character Pack Free Sample/Prefabs/Simple Movement/Mobile/MobileMaleFreeSimpleMovement1.prefab using Guid(16e7451e81164bc4caac73768f16ceb6) Importer(2089858483,0ecaa5967403d082aa24f35e1b516d23) [PhysX] Initialized MultithreadedTaskDispatcher with 16 workers.
 -> (artifact id: '61e50c320e26627baeb6436e6158f6c5') in 0.041587 seconds
Number of updated asset objects reloaded before import = 0
Number of asset objects unloaded after import = 120
========================================================================
Received Import Request.
  Time since last request: 0.000033 seconds.
  path: Assets/3rd Party/Supercyan Character Pack Free Sample/Materials/Mobile/free_male_1_head_low.mat
  artifactKey: Guid(0d58bcf645a7dd045b5f198a0efb1d47) Importer(2089858483,0ecaa5967403d082aa24f35e1b516d23)
Start importing Assets/3rd Party/Supercyan Character Pack Free Sample/Materials/Mobile/free_male_1_head_low.mat using Guid(0d58bcf645a7dd045b5f198a0efb1d47) Importer(2089858483,0ecaa5967403d082aa24f35e1b516d23) [PhysX] Initialized MultithreadedTaskDispatcher with 16 workers.
 -> (artifact id: '454e6358374ba9b6cdcd3d857e93e520') in 0.015590 seconds
Number of updated asset objects reloaded before import = 0
Number of asset objects unloaded after import = 2
========================================================================
Received Prepare
Caller must complete domain reload
Begin MonoManager ReloadAssembly
- Loaded All Assemblies, in  0.831 seconds
Native extension for WindowsStandalone target not found
[Package Manager] Server::EnsureServerProcessIsRunning -- launch failed, reason: Unity was launched with the -noUpm command-line argument
[Package Manager] UpmClient::Send -- Unable to send message (not connected to UPM process).
[Package Manager] Cannot connect to Unity Package Manager local server
Mono: successfully reloaded assembly
- Finished resetting the current domain, in  0.882 seconds
Domain Reload Profiling: 1711ms
	BeginReloadAssembly (428ms)
		ExecutionOrderSort (0ms)
		DisableScriptedObjects (4ms)
		BackupInstance (0ms)
		ReleaseScriptingObjects (0ms)
		CreateAndSetChildDomain (57ms)
	RebuildCommonClasses (41ms)
	RebuildNativeTypeToScriptingClass (11ms)
	initialDomainReloadingComplete (37ms)
	LoadAllAssembliesAndSetupDomain (311ms)
		LoadAssemblies (416ms)
		RebuildTransferFunctionScriptingTraits (0ms)
		AnalyzeDomain (17ms)
			TypeCache.Refresh (10ms)
				TypeCache.ScanAssembly (0ms)
			ScanForSourceGeneratedMonoScriptInfo (0ms)
			ResolveRequiredComponents (6ms)
	FinalizeReload (883ms)
		ReleaseScriptCaches (0ms)
		RebuildScriptCaches (0ms)
		SetupLoadedEditorAssemblies (391ms)
			LogAssemblyErrors (0ms)
			InitializePlatformSupportModulesInManaged (9ms)
			SetLoadedEditorAssemblies (5ms)
			RefreshPlugins (0ms)
			BeforeProcessingInitializeOnLoad (62ms)
			ProcessInitializeOnLoadAttributes (282ms)
			ProcessInitializeOnLoadMethodAttributes (23ms)
			AfterProcessingInitializeOnLoad (9ms)
			EditorAssembliesLoaded (0ms)
		ExecutionOrderSort2 (0ms)
		AwakeInstancesAfterBackupRestoration (8ms)
Refreshing native plugins compatible for Editor in 2.17 ms, found 3 plugins.
Preloading 0 native plugins for Editor in 0.00 ms.
Unloading 2994 Unused Serialized files (Serialized files now loaded: 0)
Unloading 13 unused Assets / (28.2 KB). Loaded Objects now: 3484.
Memory consumption went from 119.1 MB to 119.0 MB.
Total: 2.802000 ms (FindLiveObjects: 0.352200 ms CreateObjectMapping: 0.132300 ms MarkObjects: 2.271200 ms  DeleteObjects: 0.045000 ms)

Prepare: number of updated asset objects reloaded= 0
AssetImportParameters requested are different than current active one (requested -> active):
  custom:container-demuxer-ogg: 62fdf1f143b41e24485cea50d1cbac27 -> 
  custom:video-decoder-ogg-theora: a1e56fd34408186e4bbccfd4996cb3dc -> 
  custom:framework-win-MediaFoundation: 216162199b28c13a410421893ffa2e32 -> 
  custom:CustomObjectIndexerAttribute: 9a22284fe3817be447336de3de66b15e -> 
  custom:container-demuxer-webm: 4f35f7cbe854078d1ac9338744f61a02 -> 
  custom:container-muxer-webm: aa71ff27fc2769a1b78a27578f13a17b -> 
  custom:video-decoder-webm-vp8: 9c59270c3fd7afecdb556c50c9e8de78 -> 
  custom:SearchIndexIgnoredProperties: e643bd26f0fe6173181afceb89e7c659 -> 
  custom:AudioImporter_EditorPlatform: d09bf68614088b80899f8185d706f6e7 -> 
  custom:video-encoder-webm-vp8: eb34c28f22e8b96e1ab97ce403110664 -> 
  custom:audio-decoder-ogg-vorbis: bf7c407c2cedff20999df2af8eb42d56 -> 
  custom:audio-encoder-webm-vorbis: bf7c407c2cedff20999df2af8eb42d56 -> 
Editor requested this worker to shutdown with reason: Scaling down because of idle timeout
TcpMessagingSession - receive error: operation aborted. errorcode: 995, details: The I/O operation has been aborted because of either a thread exit or an application request.
AssetImportWorker is now disconnected from the server
Process exiting
Exiting without the bug reporter. Application will terminate with return code 0